<?xml version="1.0" encoding="UTF-8"?>
<testsuite xmlns:xsi="http://www.w3.org/2001/XMLSchema-instance" xsi:noNamespaceSchemaLocation="https://maven.apache.org/surefire/maven-surefire-plugin/xsd/surefire-test-report.xsd" name="runners.RegressionRunnerTest" time="73.842" tests="22" errors="0" skipped="0" failures="0">
  <properties>
[...]
</properties>
  <testcase name="Given User is on Fetch Rewards Game page" classname="Scenario: As a user, I want to be able to find the correct fake gold bar" time="0.003"/>
  <testcase name="When user inserts the following numbers in the left bowl" classname="Scenario: As a user, I want to be able to find the correct fake gold bar" time="0.001"/>
  <testcase name="And user inserts the following numbers in the right bowl" classname="Scenario: As a user, I want to be able to find the correct fake gold bar" time="0"/>
  <testcase name="And user clicks on &quot;Weigh&quot; button" classname="Scenario: As a user, I want to be able to find the correct fake gold bar" time="0"/>
  <testcase name="And user clicks on &quot;Weigh&quot; button" classname="Scenario: As a user, I want to be able to find the correct fake gold bar" time="0"/>
  <testcase name="And user clicks on &quot;Weigh&quot; button" classname="Scenario: As a user, I want to be able to find the correct fake gold bar" time="0.001"/>
  <testcase name="And user verifies the weighing list" classname="Scenario: As a user, I want to be able to find the correct fake gold bar" time="0"/>
  <testcase name="And user clicks on &quot;Reset&quot; button" classname="Scenario: As a user, I want to be able to find the correct fake gold bar" time="0.001"/>
  <testcase name="And user clicks on &quot;Reset&quot; button" classname="Scenario: As a user, I want to be able to find the correct fake gold bar" time="0"/>
  <testcase name="Then user inserts 2 numbers in the left bowl" classname="Scenario: As a user, I want to be able to find the correct fake gold bar" time="0"/>
  <testcase name="And user inserts 2 numbers in the right bowl" classname="Scenario: As a user, I want to be able to find the correct fake gold bar" time="0"/>
  <testcase name="And user verifies the weighing list second time" classname="Scenario: As a user, I want to be able to find the correct fake gold bar" time="0"/>
  <testcase name="Then user inserts 1 number in the left bowl" classname="Scenario: As a user, I want to be able to find the correct fake gold bar" time="0"/>
  <testcase name="And user inserts 1 number in the right bowl" classname="Scenario: As a user, I want to be able to find the correct fake gold bar" time="0"/>
  <testcase name="And user verifies the weighing list third time" classname="Scenario: As a user, I want to be able to find the correct fake gold bar" time="0"/>
  <testcase name="Then user clicks on fake gold bar and verifies pop-up message &quot;Yay! You find it!&quot;" classname="Scenario: As a user, I want to be able to find the correct fake gold bar" time="0"/>
  <testcase name="And user gets list of Weighings and outputs it" classname="Scenario: As a user, I want to be able to find the correct fake gold bar" time="0"/>
  <testcase name="Scenario: As a user, I want to be able to find the correct fake gold bar" classname="Scenario: As a user, I want to be able to find the correct fake gold bar" time="0"/>
  <testcase name="Given User is on Fetch Rewards Game page" classname="Scenario: As a user, I want to be able to get error message when choosing wrong fake gold bar" time="0"/>
  <testcase name="When user clicks on random fake gold bar and verifies error pop-up message &quot;Oops! Try Again!&quot;" classname="Scenario: As a user, I want to be able to get error message when choosing wrong fake gold bar" time="0"/>
  <testcase name="And user gets list of Weighings and outputs it" classname="Scenario: As a user, I want to be able to get error message when choosing wrong fake gold bar" time="0.001"/>
  <testcase name="Scenario: As a user, I want to be able to get error message when choosing wrong fake gold bar" classname="Scenario: As a user, I want to be able to get error message when choosing wrong fake gold bar" time="0.001"/>
</testsuite>